1487764303.252918 client started (24965): socket /private/tmp/tmux-501/default, protocol 8
1487764303.252968 on Darwin 15.6.0 Darwin Kernel Version 15.6.0: Mon Jan  9 23:07:29 PST 2017; root:xnu-3248.60.11.2.1~1/RELEASE_X86_64; libevent 2.0.22-stable (kqueue)
1487764303.253032 socket is /private/tmp/tmux-501/default
1487764303.253056 trying connect
1487764303.253157 add peer 0x7fb5dc002a00: 5 (0x0)
1487764303.255131 sending message 100 to peer 0x7fb5dc002a00 (4 bytes)
1487764303.255162 sending message 101 to peer 0x7fb5dc002a00 (16 bytes)
1487764303.255175 sending message 102 to peer 0x7fb5dc002a00 (13 bytes)
1487764303.255186 sending message 108 to peer 0x7fb5dc002a00 (27 bytes)
1487764303.255208 sending message 104 to peer 0x7fb5dc002a00 (0 bytes)
1487764303.255220 sending message 107 to peer 0x7fb5dc002a00 (4 bytes)
1487764303.255230 sending message 105 to peer 0x7fb5dc002a00 (74 bytes)
1487764303.255240 sending message 105 to peer 0x7fb5dc002a00 (28 bytes)
1487764303.255250 sending message 105 to peer 0x7fb5dc002a00 (21 bytes)
1487764303.255260 sending message 105 to peer 0x7fb5dc002a00 (16 bytes)
1487764303.255270 sending message 105 to peer 0x7fb5dc002a00 (57 bytes)
1487764303.255280 sending message 105 to peer 0x7fb5dc002a00 (76 bytes)
1487764303.255290 sending message 105 to peer 0x7fb5dc002a00 (27 bytes)
1487764303.255300 sending message 105 to peer 0x7fb5dc002a00 (75 bytes)
1487764303.255310 sending message 105 to peer 0x7fb5dc002a00 (53 bytes)
1487764303.255320 sending message 105 to peer 0x7fb5dc002a00 (83 bytes)
1487764303.255330 sending message 105 to peer 0x7fb5dc002a00 (11 bytes)
1487764303.255340 sending message 105 to peer 0x7fb5dc002a00 (69 bytes)
1487764303.255349 sending message 105 to peer 0x7fb5dc002a00 (66 bytes)
1487764303.255359 sending message 105 to peer 0x7fb5dc002a00 (40 bytes)
1487764303.255369 sending message 105 to peer 0x7fb5dc002a00 (43 bytes)
1487764303.255379 sending message 105 to peer 0x7fb5dc002a00 (1021 bytes)
1487764303.255405 sending message 105 to peer 0x7fb5dc002a00 (31 bytes)
1487764303.255416 sending message 105 to peer 0x7fb5dc002a00 (47 bytes)
1487764303.255426 sending message 105 to peer 0x7fb5dc002a00 (17 bytes)
1487764303.255436 sending message 105 to peer 0x7fb5dc002a00 (14 bytes)
1487764303.255446 sending message 105 to peer 0x7fb5dc002a00 (13 bytes)
1487764303.255456 sending message 105 to peer 0x7fb5dc002a00 (36 bytes)
1487764303.255465 sending message 105 to peer 0x7fb5dc002a00 (19 bytes)
1487764303.255475 sending message 105 to peer 0x7fb5dc002a00 (8 bytes)
1487764303.255485 sending message 105 to peer 0x7fb5dc002a00 (18 bytes)
1487764303.255499 sending message 105 to peer 0x7fb5dc002a00 (41 bytes)
1487764303.255509 sending message 105 to peer 0x7fb5dc002a00 (14 bytes)
1487764303.255519 sending message 105 to peer 0x7fb5dc002a00 (75 bytes)
1487764303.255529 sending message 105 to peer 0x7fb5dc002a00 (22 bytes)
1487764303.255539 sending message 106 to peer 0x7fb5dc002a00 (0 bytes)
1487764303.255553 sending message 200 to peer 0x7fb5dc002a00 (4 bytes)
1487764303.255564 client loop enter
1487764303.257227 peer 0x7fb5dc002a00 message 211
1487764303.257261 peer 0x7fb5dc002a00 message 203
1487764303.257276 client loop exit
